# JRE version: Java(TM) SE Runtime Environment (8.0_40-b26) (build 1.8.0_40-b26)
# Java VM: Java HotSpot(TM) 64-Bit Server VM (25.40-b25 mixed mode windows-amd64 compressed oops)
Heap:
 PSYoungGen      total 143872K, used 129514K [0x00000000eab00000, 0x00000000f7b80000, 0x0000000100000000)
  eden space 136192K, 89% used [0x00000000eab00000,0x00000000f21fe3f8,0x00000000f3000000)
  from space 7680K, 99% used [0x00000000f3000000,0x00000000f377c6e0,0x00000000f3780000)
  to   space 9216K, 0% used [0x00000000f7280000,0x00000000f7280000,0x00000000f7b80000)
 ParOldGen       total 34304K, used 14505K [0x00000000c0000000, 0x00000000c2180000, 0x00000000eab00000)
  object space 34304K, 42% used [0x00000000c0000000,0x00000000c0e2a538,0x00000000c2180000)
 Metaspace       used 29986K, capacity 31088K, committed 31360K, reserved 1077248K
  class space    used 3916K, capacity 4378K, committed 4480K, reserved 1048576K
GC Heap History (10 events):
Event: 5.768 GC heap before
{Heap before GC invocations=12 (full 1):
 PSYoungGen      total 72192K, used 69844K [0x00000000eab00000, 0x00000000efb00000, 0x0000000100000000)
  eden space 66560K, 100% used [0x00000000eab00000,0x00000000eec00000,0x00000000eec00000)
  from space 5632K, 58% used [0x00000000ef580000,0x00000000ef8b5358,0x00000000efb00000)
  to   space 7680K, 0% used [0x00000000eec00000,0x00000000eec00000,0x00000000ef380000)
 ParOldGen       total 34304K, used 7915K [0x00000000c0000000, 0x00000000c2180000, 0x00000000eab00000)
  object space 34304K, 23% used [0x00000000c0000000,0x00000000c07bae50,0x00000000c2180000)
 Metaspace       used 23501K, capacity 24122K, committed 24320K, reserved 1071104K
  class space    used 3033K, capacity 3243K, committed 3328K, reserved 1048576K
Event: 5.774 GC heap after
Heap after GC invocations=12 (full 1):
 PSYoungGen      total 74240K, used 224K [0x00000000eab00000, 0x00000000f1580000, 0x0000000100000000)
  eden space 66560K, 0% used [0x00000000eab00000,0x00000000eab00000,0x00000000eec00000)
  from space 7680K, 2% used [0x00000000eec00000,0x00000000eec38000,0x00000000ef380000)
  to   space 7680K, 0% used [0x00000000f0e00000,0x00000000f0e00000,0x00000000f1580000)
 ParOldGen       total 34304K, used 10190K [0x00000000c0000000, 0x00000000c2180000, 0x00000000eab00000)
  object space 34304K, 29% used [0x00000000c0000000,0x00000000c09f3a18,0x00000000c2180000)
 Metaspace       used 23501K, capacity 24122K, committed 24320K, reserved 1071104K
  class space    used 3033K, capacity 3243K, committed 3328K, reserved 1048576K
}
Event: 5.956 GC heap before
{Heap before GC invocations=13 (full 1):
 PSYoungGen      total 74240K, used 66784K [0x00000000eab00000, 0x00000000f1580000, 0x0000000100000000)
  eden space 66560K, 100% used [0x00000000eab00000,0x00000000eec00000,0x00000000eec00000)
  from space 7680K, 2% used [0x00000000eec00000,0x00000000eec38000,0x00000000ef380000)
  to   space 7680K, 0% used [0x00000000f0e00000,0x00000000f0e00000,0x00000000f1580000)
 ParOldGen       total 34304K, used 10190K [0x00000000c0000000, 0x00000000c2180000, 0x00000000eab00000)
  object space 34304K, 29% used [0x00000000c0000000,0x00000000c09f3a18,0x00000000c2180000)
 Metaspace       used 23504K, capacity 24122K, committed 24320K, reserved 1071104K
  class space    used 3034K, capacity 3243K, committed 3328K, reserved 1048576K
Event: 5.974 GC heap after
Heap after GC invocations=13 (full 1):
 PSYoungGen      total 100864K, used 256K [0x00000000eab00000, 0x00000000f1b80000, 0x0000000100000000)
  eden space 93184K, 0% used [0x00000000eab00000,0x00000000eab00000,0x00000000f0600000)
  from space 7680K, 3% used [0x00000000f0e00000,0x00000000f0e40000,0x00000000f1580000)
  to   space 8192K, 0% used [0x00000000f0600000,0x00000000f0600000,0x00000000f0e00000)
 ParOldGen       total 34304K, used 10394K [0x00000000c0000000, 0x00000000c2180000, 0x00000000eab00000)
  object space 34304K, 30% used [0x00000000c0000000,0x00000000c0a26a38,0x00000000c2180000)
 Metaspace       used 23504K, capacity 24122K, committed 24320K, reserved 1071104K
  class space    used 3034K, capacity 3243K, committed 3328K, reserved 1048576K
}
Event: 6.702 GC heap before
{Heap before GC invocations=14 (full 1):
 PSYoungGen      total 100864K, used 93440K [0x00000000eab00000, 0x00000000f1b80000, 0x0000000100000000)
  eden space 93184K, 100% used [0x00000000eab00000,0x00000000f0600000,0x00000000f0600000)
  from space 7680K, 3% used [0x00000000f0e00000,0x00000000f0e40000,0x00000000f1580000)
  to   space 8192K, 0% used [0x00000000f0600000,0x00000000f0600000,0x00000000f0e00000)
 ParOldGen       total 34304K, used 10394K [0x00000000c0000000, 0x00000000c2180000, 0x00000000eab00000)
  object space 34304K, 30% used [0x00000000c0000000,0x00000000c0a26a38,0x00000000c2180000)
 Metaspace       used 24057K, capacity 24838K, committed 24960K, reserved 1071104K
  class space    used 3101K, capacity 3387K, committed 3456K, reserved 1048576K
Event: 6.713 GC heap after
Heap after GC invocations=14 (full 1):
 PSYoungGen      total 101376K, used 2994K [0x00000000eab00000, 0x00000000f4000000, 0x0000000100000000)
  eden space 93184K, 0% used [0x00000000eab00000,0x00000000eab00000,0x00000000f0600000)
  from space 8192K, 36% used [0x00000000f0600000,0x00000000f08ecbc8,0x00000000f0e00000)
  to   space 7680K, 0% used [0x00000000f3880000,0x00000000f3880000,0x00000000f4000000)
 ParOldGen       total 34304K, used 10618K [0x00000000c0000000, 0x00000000c2180000, 0x00000000eab00000)
  object space 34304K, 30% used [0x00000000c0000000,0x00000000c0a5ea38,0x00000000c2180000)
 Metaspace       used 24057K, capacity 24838K, committed 24960K, reserved 1071104K
  class space    used 3101K, capacity 3387K, committed 3456K, reserved 1048576K
}
Event: 6.979 GC heap before
{Heap before GC invocations=15 (full 1):
 PSYoungGen      total 101376K, used 96178K [0x00000000eab00000, 0x00000000f4000000, 0x0000000100000000)
  eden space 93184K, 100% used [0x00000000eab00000,0x00000000f0600000,0x00000000f0600000)
  from space 8192K, 36% used [0x00000000f0600000,0x00000000f08ecbc8,0x00000000f0e00000)
  to   space 7680K, 0% used [0x00000000f3880000,0x00000000f3880000,0x00000000f4000000)
 ParOldGen       total 34304K, used 10618K [0x00000000c0000000, 0x00000000c2180000, 0x00000000eab00000)
  object space 34304K, 30% used [0x00000000c0000000,0x00000000c0a5ea38,0x00000000c2180000)
 Metaspace       used 24058K, capacity 24838K, committed 24960K, reserved 1071104K
  class space    used 3101K, capacity 3387K, committed 3456K, reserved 1048576K
Event: 6.985 GC heap after
Heap after GC invocations=15 (full 1):
 PSYoungGen      total 142848K, used 576K [0x00000000eab00000, 0x00000000f3f00000, 0x0000000100000000)
  eden space 136192K, 0% used [0x00000000eab00000,0x00000000eab00000,0x00000000f3000000)
  from space 6656K, 8% used [0x00000000f3880000,0x00000000f3910010,0x00000000f3f00000)
  to   space 7680K, 0% used [0x00000000f3000000,0x00000000f3000000,0x00000000f3780000)
 ParOldGen       total 34304K, used 12985K [0x00000000c0000000, 0x00000000c2180000, 0x00000000eab00000)
  object space 34304K, 37% used [0x00000000c0000000,0x00000000c0cae6c8,0x00000000c2180000)
 Metaspace       used 24058K, capacity 24838K, committed 24960K, reserved 1071104K
  class space    used 3101K, capacity 3387K, committed 3456K, reserved 1048576K
}
Event: 8.910 GC heap before
{Heap before GC invocations=16 (full 1):
 PSYoungGen      total 142848K, used 136768K [0x00000000eab00000, 0x00000000f3f00000, 0x0000000100000000)
  eden space 136192K, 100% used [0x00000000eab00000,0x00000000f3000000,0x00000000f3000000)
  from space 6656K, 8% used [0x00000000f3880000,0x00000000f3910010,0x00000000f3f00000)
  to   space 7680K, 0% used [0x00000000f3000000,0x00000000f3000000,0x00000000f3780000)
 ParOldGen       total 34304K, used 12985K [0x00000000c0000000, 0x00000000c2180000, 0x00000000eab00000)
  object space 34304K, 37% used [0x00000000c0000000,0x00000000c0cae6c8,0x00000000c2180000)
 Metaspace       used 26517K, capacity 27430K, committed 27776K, reserved 1073152K
  class space    used 3481K, capacity 3853K, committed 3968K, reserved 1048576K
Event: 8.924 GC heap after
Heap after GC invocations=16 (full 1):
 PSYoungGen      total 143872K, used 7665K [0x00000000eab00000, 0x00000000f7b80000, 0x0000000100000000)
  eden space 136192K, 0% used [0x00000000eab00000,0x00000000eab00000,0x00000000f3000000)
  from space 7680K, 99% used [0x00000000f3000000,0x00000000f377c6e0,0x00000000f3780000)
  to   space 9216K, 0% used [0x00000000f7280000,0x00000000f7280000,0x00000000f7b80000)
 ParOldGen       total 34304K, used 14505K [0x00000000c0000000, 0x00000000c2180000, 0x00000000eab00000)
  object space 34304K, 42% used [0x00000000c0000000,0x00000000c0e2a538,0x00000000c2180000)
 Metaspace       used 26517K, capacity 27430K, committed 27776K, reserved 1073152K
  class space    used 3481K, capacity 3853K, committed 3968K, reserved 1048576K
}

